#
# There is insufficient memory for the Java Runtime Environment to continue.
# Native memory allocation (malloc) failed to allocate 1048576 bytes for AllocateHeap
# Possible reasons:
#   The system is out of physical RAM or swap space
#   The process is running with CompressedOops enabled, and the Java Heap may be blocking the growth of the native heap
# Possible solutions:
#   Reduce memory load on the system
#   Increase physical memory or swap space
#   Check if swap backing store is full
#   Decrease Java heap size (-Xmx/-Xms)
#   Decrease number of Java threads
#   Decrease Java thread stack sizes (-Xss)
#   Set larger code cache with -XX:ReservedCodeCacheSize=
#   JVM is running with Unscaled Compressed Oops mode in which the Java heap is
#     placed in the first 4GB address space. The Java Heap base address is the
#     maximum limit for the native heap growth. Please use -XX:HeapBaseMinAddress
#     to set the Java Heap base and to place the Java Heap above 4GB virtual address.
# This output file may be truncated or incomplete.
#
#  Out of Memory Error (allocation.cpp:44), pid=764, tid=19256
#
# JRE version:  (17.0.2+8) (build )
# Java VM: OpenJDK 64-Bit Server VM (17.0.2+8, mixed mode, tiered, compressed oops, compressed class ptrs, parallel gc, windows-amd64)
# No core dump will be written. Minidumps are not enabled by default on client versions of Windows
#

---------------  S U M M A R Y ------------

Command Line: --add-modules=ALL-SYSTEM --add-opens=java.base/java.util=ALL-UNNAMED --add-opens=java.base/java.lang=ALL-UNNAMED --add-opens=java.base/sun.nio.fs=ALL-UNNAMED -Declipse.application=org.eclipse.jdt.ls.core.id1 -Dosgi.bundles.defaultStartLevel=4 -Declipse.product=org.eclipse.jdt.ls.core.product -Djava.import.generatesMetadataFilesAtProjectRoot=false -Dfile.encoding=utf8 -DwatchParentProcess=false -XX:+UseParallelGC -XX:GCTimeRatio=4 -XX:AdaptiveSizePolicyWeight=90 -Dsun.zip.disableMemoryMapping=true -Xmx1G -Xms100m c:\Users\THU BUI\.vscode\extensions\redhat.java-1.6.0-win32-x64\server\plugins\org.eclipse.equinox.launcher_1.6.400.v20210924-0641.jar -configuration c:\Users\THU BUI\AppData\Roaming\Code\User\globalStorage\redhat.java\1.6.0\config_ss_win -data c:\Users\THU BUI\AppData\Roaming\Code\User\workspaceStorage\c76ba6f218b1d5bedce22ecce7f62537\redhat.java\ss_ws

Host: Intel(R) Core(TM) i5-8300H CPU @ 2.30GHz, 8 cores, 7G,  Windows 10 , 64 bit Build 19041 (10.0.19041.1645)
Time: Mon May  9 13:26:41 2022 SE Asia Standard Time elapsed time: 0.099432 seconds (0d 0h 0m 0s)

---------------  T H R E A D  ---------------

Current thread (0x000001947fce2da0):  JavaThread "Unknown thread" [_thread_in_vm, id=19256, stack(0x0000001a5d500000,0x0000001a5d600000)]

Stack: [0x0000001a5d500000,0x0000001a5d600000]
Native frames: (J=compiled Java code, j=interpreted, Vv=VM code, C=native code)
V  [jvm.dll+0x67564a]
V  [jvm.dll+0x82fc04]
V  [jvm.dll+0x8313ae]
V  [jvm.dll+0x831a13]
V  [jvm.dll+0x245235]
V  [jvm.dll+0xa6393]
V  [jvm.dll+0x6a7a5a]
V  [jvm.dll+0x6a871f]
V  [jvm.dll+0x681d13]
V  [jvm.dll+0x801f98]
V  [jvm.dll+0x369004]
V  [jvm.dll+0x7e0cdc]
V  [jvm.dll+0x3eb8bf]
V  [jvm.dll+0x3ed441]
C  [jli.dll+0x5277]
C  [ucrtbase.dll+0x21bb2]
C  [KERNEL32.DLL+0x17034]
C  [ntdll.dll+0x52651]


---------------  P R O C E S S  ---------------

Threads class SMR info:
_java_thread_list=0x00007ff8b7fb5e98, length=0, elements={
}

Java Threads: ( => current thread )

Other Threads:
  0x000001947fcfae20 GCTaskThread "GC Thread#0" [stack: 0x0000001a5d600000,0x0000001a5d700000] [id=2192]

=>0x000001947fce2da0 (exited) JavaThread "Unknown thread" [_thread_in_vm, id=19256, stack(0x0000001a5d500000,0x0000001a5d600000)]

Threads with active compile tasks:

VM state: not at safepoint (normal execution)

VM Mutex/Monitor currently owned by a thread: None

Heap address: 0x00000000c0000000, size: 1024 MB, Compressed Oops mode: 32-bit

CDS archive(s) not mapped
Compressed class space mapped at: 0x0000000100000000-0x0000000140000000, reserved size: 1073741824
Narrow klass base: 0x0000000000000000, Narrow klass shift: 3, Narrow klass range: 0x140000000

GC Precious Log:
 CPUs: 8 total, 8 available
 Memory: 8037M
 Large Page Support: Disabled
 NUMA Support: Disabled
 Compressed Oops: Enabled (32-bit)
 Alignments: Space 512K, Generation 512K, Heap 2M
 Heap Min Capacity: 100M
 Heap Initial Capacity: 100M
 Heap Max Capacity: 1G
 Pre-touch: Disabled
 Parallel Workers: 8

Heap:
 PSYoungGen      total 29696K, used 512K [0x00000000eab00000, 0x00000000ecc00000, 0x0000000100000000)
  eden space 25600K, 2% used [0x00000000eab00000,0x00000000eab80070,0x00000000ec400000)
  from space 4096K, 0% used [0x00000000ec800000,0x00000000ec800000,0x00000000ecc00000)
  to   space 4096K, 0% used [0x00000000ec400000,0x00000000ec400000,0x00000000ec800000)
 ParOldGen       total 68608K, used 0K [0x00000000c0000000, 0x00000000c4300000, 0x00000000eab00000)
  object space 68608K, 0% used [0x00000000c0000000,0x00000000c0000000,0x00000000c4300000)
 Metaspace       used 1149K, committed 1216K, reserved 1056768K
  class space    used 101K, committed 128K, reserved 1048576K

Card table byte_map: [0x0000019412fc0000,0x00000194131d0000] _byte_map_base: 0x00000194129c0000

Marking Bits: (ParMarkBitMap*) 0x00007ff8b8023af0
 Begin Bits: [0x0000019413330000, 0x0000019414330000)
 End Bits:   [0x0000019414330000, 0x0000019415330000)

Polling page: 0x000001947f860000

Metaspace:

Usage:
  Non-class:      1.02 MB used.
      Class:    101.01 KB used.
       Both:      1.12 MB used.

Virtual space:
  Non-class space:        8.00 MB reserved,       1.06 MB ( 13%) committed,  1 nodes.
      Class space:        1.00 GB reserved,     128.00 KB ( <1%) committed,  1 nodes.
             Both:        1.01 GB reserved,       1.19 MB ( <1%) committed. 

Chunk freelists:
   Non-Class:  0 bytes
       Class:  3.75 MB
        Both:  3.75 MB

MaxMetaspaceSize: unlimited
CompressedClassSpaceSize: 1.00 GB
Initial GC threshold: 21.00 MB
Current GC threshold: 17179869184.00 GB
CDS: off
MetaspaceReclaimPolicy: balanced
 - commit_granule_bytes: 65536.
 - commit_granule_words: 8192.
 - virtual_space_node_default_size: 1048576.
 - enlarge_chunks_in_place: 1.
 - new_chunks_are_fully_committed: 0.
 - uncommit_free_chunks: 1.
 - use_allocation_guard: 0.
 - handle_deallocations: 1.


Internal statistics:

num_allocs_failed_limit: 0.
num_arena_births: 2.
num_arena_deaths: 0.
num_vsnodes_births: 2.
num_vsnodes_deaths: 0.
num_space_committed: 19.
num_space_uncommitted: 0.
num_chunks_returned_to_freelist: 0.
num_chunks_taken_from_freelist: 3.
num_chunk_merges: 0.
num_chunk_splits: 1.
num_chunks_enlarged: 0.
num_purges: 0.
num_inconsistent_stats: 0.

CodeHeap 'non-profiled nmethods': size=120000Kb used=0Kb max_used=0Kb free=120000Kb
 bounds [0x000001940ba90000, 0x000001940bd00000, 0x0000019412fc0000]
CodeHeap 'profiled nmethods': size=120000Kb used=0Kb max_used=0Kb free=120000Kb
 bounds [0x0000019404560000, 0x00000194047d0000, 0x000001940ba90000]
CodeHeap 'non-nmethods': size=5760Kb used=202Kb max_used=335Kb free=5557Kb
 bounds [0x0000019403fc0000, 0x0000019404230000, 0x0000019404560000]
 total_blobs=66 nmethods=0 adapters=47
 compilation: enabled
              stopped_count=0, restarted_count=0
 full_count=0

Compilation events (0 events):
No events

GC Heap History (0 events):
No events

Deoptimization events (0 events):
No events

Classes unloaded (0 events):
No events

Classes redefined (0 events):
No events

Internal exceptions (0 events):
No events

VM Operations (0 events):
No events

Events (20 events):
Event: 0.077 loading class java/lang/Long
Event: 0.077 loading class java/lang/Long done
Event: 0.077 loading class java/util/Iterator
Event: 0.078 loading class java/util/Iterator done
Event: 0.078 loading class java/lang/reflect/RecordComponent
Event: 0.078 loading class java/lang/reflect/RecordComponent done
Event: 0.078 loading class jdk/internal/vm/vector/VectorSupport
Event: 0.078 loading class jdk/internal/vm/vector/VectorSupport done
Event: 0.078 loading class jdk/internal/vm/vector/VectorSupport$VectorPayload
Event: 0.078 loading class jdk/internal/vm/vector/VectorSupport$VectorPayload done
Event: 0.078 loading class jdk/internal/vm/vector/VectorSupport$Vector
Event: 0.079 loading class jdk/internal/vm/vector/VectorSupport$Vector done
Event: 0.079 loading class jdk/internal/vm/vector/VectorSupport$VectorMask
Event: 0.079 loading class jdk/internal/vm/vector/VectorSupport$VectorMask done
Event: 0.079 loading class jdk/internal/vm/vector/VectorSupport$VectorShuffle
Event: 0.079 loading class jdk/internal/vm/vector/VectorSupport$VectorShuffle done
Event: 0.087 loading class java/lang/NullPointerException
Event: 0.087 loading class java/lang/NullPointerException done
Event: 0.087 loading class java/lang/ArithmeticException
Event: 0.087 loading class java/lang/ArithmeticException done


Dynamic libraries:
0x00007ff725660000 - 0x00007ff72566e000 	c:\Users\THU BUI\.vscode\extensions\redhat.java-1.6.0-win32-x64\jre\17.0.2-win32-x86_64\bin\java.exe
0x00007ff910210000 - 0x00007ff910405000 	C:\WINDOWS\SYSTEM32\ntdll.dll
0x00007ff90ef30000 - 0x00007ff90efee000 	C:\WINDOWS\System32\KERNEL32.DLL
0x00007ff90dd80000 - 0x00007ff90e048000 	C:\WINDOWS\System32\KERNELBASE.dll
0x00007ff90e080000 - 0x00007ff90e180000 	C:\WINDOWS\System32\ucrtbase.dll
0x00007ff9086c0000 - 0x00007ff9086d8000 	c:\Users\THU BUI\.vscode\extensions\redhat.java-1.6.0-win32-x64\jre\17.0.2-win32-x86_64\bin\jli.dll
0x00007ff9084f0000 - 0x00007ff908509000 	c:\Users\THU BUI\.vscode\extensions\redhat.java-1.6.0-win32-x64\jre\17.0.2-win32-x86_64\bin\VCRUNTIME140.dll
0x00007ff90fc40000 - 0x00007ff90fde0000 	C:\WINDOWS\System32\USER32.dll
0x00007ff90dae0000 - 0x00007ff90db02000 	C:\WINDOWS\System32\win32u.dll
0x00007ff8eb3d0000 - 0x00007ff8eb66a000 	C:\WINDOWS\WinSxS\amd64_microsoft.windows.common-controls_6595b64144ccf1df_6.0.19041.1110_none_60b5254171f9507e\COMCTL32.dll
0x00007ff910130000 - 0x00007ff91015a000 	C:\WINDOWS\System32\GDI32.dll
0x00007ff90e320000 - 0x00007ff90e3be000 	C:\WINDOWS\System32\msvcrt.dll
0x00007ff90dc70000 - 0x00007ff90dd7b000 	C:\WINDOWS\System32\gdi32full.dll
0x00007ff90e180000 - 0x00007ff90e21d000 	C:\WINDOWS\System32\msvcp_win.dll
0x00007ff90ef00000 - 0x00007ff90ef30000 	C:\WINDOWS\System32\IMM32.DLL
0x00007ff9088d0000 - 0x00007ff9088dc000 	c:\Users\THU BUI\.vscode\extensions\redhat.java-1.6.0-win32-x64\jre\17.0.2-win32-x86_64\bin\vcruntime140_1.dll
0x00007ff8d9a90000 - 0x00007ff8d9b21000 	c:\Users\THU BUI\.vscode\extensions\redhat.java-1.6.0-win32-x64\jre\17.0.2-win32-x86_64\bin\msvcp140.dll
0x00007ff8b74a0000 - 0x00007ff8b80e7000 	c:\Users\THU BUI\.vscode\extensions\redhat.java-1.6.0-win32-x64\jre\17.0.2-win32-x86_64\bin\server\jvm.dll
0x00007ff90ff70000 - 0x00007ff91001e000 	C:\WINDOWS\System32\ADVAPI32.dll
0x00007ff90e9e0000 - 0x00007ff90ea7c000 	C:\WINDOWS\System32\sechost.dll
0x00007ff90e8b0000 - 0x00007ff90e9d5000 	C:\WINDOWS\System32\RPCRT4.dll
0x00007ff90ea80000 - 0x00007ff90ea88000 	C:\WINDOWS\System32\PSAPI.DLL
0x00007ff8eca90000 - 0x00007ff8eca99000 	C:\WINDOWS\SYSTEM32\WSOCK32.dll
0x00007ff90e3c0000 - 0x00007ff90e42b000 	C:\WINDOWS\System32\WS2_32.dll
0x00007ff8fac90000 - 0x00007ff8facb7000 	C:\WINDOWS\SYSTEM32\WINMM.dll
0x00007ff907230000 - 0x00007ff90723a000 	C:\WINDOWS\SYSTEM32\VERSION.dll
0x00007ff90c230000 - 0x00007ff90c242000 	C:\WINDOWS\SYSTEM32\kernel.appcore.dll
0x00007ff908830000 - 0x00007ff90883a000 	c:\Users\THU BUI\.vscode\extensions\redhat.java-1.6.0-win32-x64\jre\17.0.2-win32-x86_64\bin\jimage.dll
0x00007ff90b760000 - 0x00007ff90b944000 	C:\WINDOWS\SYSTEM32\DBGHELP.DLL
0x00007ff8f67c0000 - 0x00007ff8f67ec000 	C:\WINDOWS\SYSTEM32\dbgcore.DLL
0x00007ff90da50000 - 0x00007ff90dad2000 	C:\WINDOWS\System32\bcryptPrimitives.dll
0x00007ff8fa360000 - 0x00007ff8fa385000 	c:\Users\THU BUI\.vscode\extensions\redhat.java-1.6.0-win32-x64\jre\17.0.2-win32-x86_64\bin\java.dll
0x00007ff9067b0000 - 0x00007ff9067c8000 	c:\Users\THU BUI\.vscode\extensions\redhat.java-1.6.0-win32-x64\jre\17.0.2-win32-x86_64\bin\zip.dll

dbghelp: loaded successfully - version: 4.0.5 - missing functions: none
symbol engine: initialized successfully - sym options: 0x614 - pdb path: .;c:\Users\THU BUI\.vscode\extensions\redhat.java-1.6.0-win32-x64\jre\17.0.2-win32-x86_64\bin;C:\WINDOWS\SYSTEM32;C:\WINDOWS\WinSxS\amd64_microsoft.windows.common-controls_6595b64144ccf1df_6.0.19041.1110_none_60b5254171f9507e;c:\Users\THU BUI\.vscode\extensions\redhat.java-1.6.0-win32-x64\jre\17.0.2-win32-x86_64\bin\server

VM Arguments:
jvm_args: --add-modules=ALL-SYSTEM --add-opens=java.base/java.util=ALL-UNNAMED --add-opens=java.base/java.lang=ALL-UNNAMED --add-opens=java.base/sun.nio.fs=ALL-UNNAMED -Declipse.application=org.eclipse.jdt.ls.core.id1 -Dosgi.bundles.defaultStartLevel=4 -Declipse.product=org.eclipse.jdt.ls.core.product -Djava.import.generatesMetadataFilesAtProjectRoot=false -Dfile.encoding=utf8 -DwatchParentProcess=false -XX:+UseParallelGC -XX:GCTimeRatio=4 -XX:AdaptiveSizePolicyWeight=90 -Dsun.zip.disableMemoryMapping=true -Xmx1G -Xms100m 
java_command: c:\Users\THU BUI\.vscode\extensions\redhat.java-1.6.0-win32-x64\server\plugins\org.eclipse.equinox.launcher_1.6.400.v20210924-0641.jar -configuration c:\Users\THU BUI\AppData\Roaming\Code\User\globalStorage\redhat.java\1.6.0\config_ss_win -data c:\Users\THU BUI\AppData\Roaming\Code\User\workspaceStorage\c76ba6f218b1d5bedce22ecce7f62537\redhat.java\ss_ws
java_class_path (initial): c:\Users\THU BUI\.vscode\extensions\redhat.java-1.6.0-win32-x64\server\plugins\org.eclipse.equinox.launcher_1.6.400.v20210924-0641.jar
Launcher Type: SUN_STANDARD

[Global flags]
    uintx AdaptiveSizePolicyWeight                 = 90                                        {product} {command line}
     intx CICompilerCount                          = 4                                         {product} {ergonomic}
    uintx GCTimeRatio                              = 4                                         {product} {command line}
   size_t InitialHeapSize                          = 104857600                                 {product} {command line}
   size_t MaxHeapSize                              = 1073741824                                {product} {command line}
   size_t MaxNewSize                               = 357564416                                 {product} {ergonomic}
   size_t MinHeapDeltaBytes                        = 524288                                    {product} {ergonomic}
   size_t MinHeapSize                              = 104857600                                 {product} {command line}
   size_t NewSize                                  = 34603008                                  {product} {ergonomic}
    uintx NonNMethodCodeHeapSize                   = 5839372                                {pd product} {ergonomic}
    uintx NonProfiledCodeHeapSize                  = 122909434                              {pd product} {ergonomic}
   size_t OldSize                                  = 70254592                                  {product} {ergonomic}
    uintx ProfiledCodeHeapSize                     = 122909434                              {pd product} {ergonomic}
    uintx ReservedCodeCacheSize                    = 251658240                              {pd product} {ergonomic}
     bool SegmentedCodeCache                       = true                                      {product} {ergonomic}
   size_t SoftMaxHeapSize                          = 1073741824                             {manageable} {ergonomic}
     bool UseCompressedClassPointers               = true                           {product lp64_product} {ergonomic}
     bool UseCompressedOops                        = true                           {product lp64_product} {ergonomic}
     bool UseLargePagesIndividualAllocation        = false                                  {pd product} {ergonomic}
     bool UseParallelGC                            = true                                      {product} {command line}

Logging:
Log output configuration:
 #0: stdout all=warning uptime,level,tags
 #1: stderr all=off uptime,level,tags

Environment Variables:
JAVA_HOME=C:\Program Files\Java\jdk-11.0.13
PATH=C:\Program Files\Microsoft MPI\Bin\;C:\Program Files\Common Files\Oracle\Java\javapath;C:\Program Files (x86)\VMware\VMware Workstation\bin\;C:\WINDOWS\system32;C:\WINDOWS;C:\WINDOWS\System32\Wbem;C:\WINDOWS\System32\WindowsPowerShell\v1.0\;C:\WINDOWS\System32\OpenSSH\;C:\Program Files\nodejs\;C:\Program Files\Azure Data Studio\bin;C:\Program Files\Git\cmd;C:\Program Files\Java\jdk-11.0.13\bin;C:\Users\THU BUI\Downloads\apache-maven-3.8.5\bin;C:\Program Files (x86)\Microsoft SQL Server\150\Tools\Binn\;C:\Program Files\Microsoft SQL Server\150\Tools\Binn\;C:\Program Files (x86)\Microsoft SQL Server\150\DTS\Binn\;C:\Program Files\Microsoft SQL Server\150\DTS\Binn\;C:\Program Files\Microsoft SQL Server\Client SDK\ODBC\170\Tools\Binn\;C:\Users\THU BUI\AppData\Local\Programs\Python\Python310\Scripts\;C:\Users\THU BUI\AppData\Local\Programs\Python\Python310\;C:\Users\THU BUI\AppData\Local\Microsoft\WindowsApps;;C:\Users\THU BUI\AppData\Local\Programs\Microsoft VS Code\bin;C:\Users\THU BUI\AppData\Roaming\npm;C:\Program Files\Azure Data Studio\bin;C:\Program Files\JetBrains\IntelliJ IDEA Community Edition 2021.3.3\bin;
USERNAME=THU BUI
OS=Windows_NT
PROCESSOR_IDENTIFIER=Intel64 Family 6 Model 158 Stepping 10, GenuineIntel



---------------  S Y S T E M  ---------------

OS:
 Windows 10 , 64 bit Build 19041 (10.0.19041.1645)
OS uptime: 1 days 20:31 hours

CPU: total 8 (initial active 8) (4 cores per cpu, 2 threads per core) family 6 model 158 stepping 10 microcode 0xea, cx8, cmov, fxsr, ht, mmx, 3dnowpref, sse, sse2, sse3, ssse3, sse4.1, sse4.2, popcnt, lzcnt, tsc, tscinvbit, avx, avx2, aes, erms, clmul, bmi1, bmi2, adx, fma, vzeroupper, clflush, clflushopt

Memory: 4k page, system-wide physical 8037M (374M free)
TotalPageFile size 23480M (AvailPageFile size 7M)
current process WorkingSet (physical memory assigned to process): 15M, peak: 15M
current process commit charge ("private bytes"): 161M, peak: 162M

vm_info: OpenJDK 64-Bit Server VM (17.0.2+8) for windows-amd64 JRE (17.0.2+8), built on Jan 20 2022 04:52:34 by "" with MS VC++ 16.7 (VS2019)

END.
